<?xml version="1.0" encoding="UTF-8"?>
<testng-results skipped="0" failed="1" ignored="0" total="1" passed="0">
  <reporter-output>
  </reporter-output>
  <suite name="ERP_OCTS_Automation" duration-ms="23986" started-at="2017-11-22T23:47:02Z" finished-at="2017-11-22T23:47:26Z">
    <groups>
    </groups>
    <test name="WebService_Automation" duration-ms="23986" started-at="2017-11-22T23:47:02Z" finished-at="2017-11-22T23:47:26Z">
      <class name="OCTS_Automation_Main_Modules.ERP_Financial_Webservice_MainClass">
        <test-method status="PASS" signature="setUp()[pri:0, instance:OCTS_Automation_Main_Modules.ERP_Financial_Webservice_MainClass@705ed2e9]" name="setUp" is-config="true" duration-ms="1801" started-at="2017-11-22T15:47:01Z" finished-at="2017-11-22T15:47:02Z">
          <reporter-output>
          </reporter-output>
        </test-method> <!-- setUp -->
        <test-method status="FAIL" signature="OracleCloud_Financial_Webservices(java.lang.String, java.lang.String)[pri:0, instance:OCTS_Automation_Main_Modules.ERP_Financial_Webservice_MainClass@705ed2e9]" name="OracleCloud_Financial_Webservices" duration-ms="23954" started-at="2017-11-22T15:47:02Z" finished-at="2017-11-22T15:47:26Z">
          <params>
            <param index="0">
              <value>
                <![CDATA[C:\Users\rrama3\Desktop\Oracle_Cloud_Automation\Code\11_20\ERPAutomation-master\ERP_InputDatasheet.xlsx]]>
              </value>
            </param>
            <param index="1">
              <value>
                <![CDATA[C:\Users\rrama3\Desktop\Oracle_Cloud_Automation\Code\11_20\ERPAutomation-master\GlInterface.zip]]>
              </value>
            </param>
          </params>
          <exception class="java.lang.Exception">
            <message>
              <![CDATA[UploadFileToUcm: Error occurred while sending SOAP Request to Server]]>
            </message>
            <full-stacktrace>
              <![CDATA[java.lang.Exception: UploadFileToUcm: Error occurred while sending SOAP Request to Server
	at OCTS_Automation_Main_Modules.ERP_Financial_Webservice_MainClass.OracleCloud_Financial_Webservices(ERP_Financial_Webservice_MainClass.java:301)
	at sun.reflect.NativeMethodAccessorImpl.invoke0(Native Method)
	at sun.reflect.NativeMethodAccessorImpl.invoke(Unknown Source)
	at sun.reflect.DelegatingMethodAccessorImpl.invoke(Unknown Source)
	at java.lang.reflect.Method.invoke(Unknown Source)
	at org.testng.internal.MethodInvocationHelper.invokeMethod(MethodInvocationHelper.java:108)
	at org.testng.internal.Invoker.invokeMethod(Invoker.java:661)
	at org.testng.internal.Invoker.invokeTestMethod(Invoker.java:869)
	at org.testng.internal.Invoker.invokeTestMethods(Invoker.java:1193)
	at org.testng.internal.TestMethodWorker.invokeTestMethods(TestMethodWorker.java:126)
	at org.testng.internal.TestMethodWorker.run(TestMethodWorker.java:109)
	at org.testng.TestRunner.privateRun(TestRunner.java:744)
	at org.testng.TestRunner.run(TestRunner.java:602)
	at org.testng.SuiteRunner.runTest(SuiteRunner.java:380)
	at org.testng.SuiteRunner.runSequentially(SuiteRunner.java:375)
	at org.testng.SuiteRunner.privateRun(SuiteRunner.java:340)
	at org.testng.SuiteRunner.run(SuiteRunner.java:289)
	at org.testng.SuiteRunnerWorker.runSuite(SuiteRunnerWorker.java:52)
	at org.testng.SuiteRunnerWorker.run(SuiteRunnerWorker.java:86)
	at org.testng.TestNG.runSuitesSequentially(TestNG.java:1301)
	at org.testng.TestNG.runSuitesLocally(TestNG.java:1226)
	at org.testng.TestNG.runSuites(TestNG.java:1144)
	at org.testng.TestNG.run(TestNG.java:1115)
	at OCTS_Automation_Main_Modules.TestNG_Invoke_WS.wstriggertestng(TestNG_Invoke_WS.java:92)
	at OCTS_GUI.FXMLController$1.call(FXMLController.java:214)
	at javafx.concurrent.Task$TaskCallable.call(Task.java:1423)
	at java.util.concurrent.FutureTask.run(Unknown Source)
	at java.lang.Thread.run(Unknown Source)
]]>
            </full-stacktrace>
          </exception> <!-- java.lang.Exception -->
          <reporter-output>
          </reporter-output>
        </test-method> <!-- OracleCloud_Financial_Webservices -->
        <test-method status="PASS" signature="getResult(org.testng.ITestResult)[pri:0, instance:OCTS_Automation_Main_Modules.ERP_Financial_Webservice_MainClass@705ed2e9]" name="getResult" is-config="true" duration-ms="9" started-at="2017-11-22T15:47:26Z" finished-at="2017-11-22T15:47:26Z">
          <params>
            <param index="0">
              <value>
                <![CDATA[[TestResult name=OracleCloud_Financial_Webservices status=FAILURE method=ERP_Financial_Webservice_MainClass.OracleCloud_Financial_Webservices(java.lang.String, java.lang.String)[pri:0, instance:OCTS_Automation_Main_Modules.ERP_Financial_Webservice_MainClass@705ed2e9] output={null}]]]>
              </value>
            </param>
          </params>
          <reporter-output>
          </reporter-output>
        </test-method> <!-- getResult -->
        <test-method status="PASS" signature="tearDown()[pri:0, instance:OCTS_Automation_Main_Modules.ERP_Financial_Webservice_MainClass@705ed2e9]" name="tearDown" is-config="true" duration-ms="5016" started-at="2017-11-22T15:47:26Z" finished-at="2017-11-22T15:47:31Z">
          <reporter-output>
          </reporter-output>
        </test-method> <!-- tearDown -->
      </class> <!-- OCTS_Automation_Main_Modules.ERP_Financial_Webservice_MainClass -->
    </test> <!-- WebService_Automation -->
  </suite> <!-- ERP_OCTS_Automation -->
</testng-results>
