<?xml version="1.0" encoding="UTF-8"?>
<testng-results skipped="0" failed="1" ignored="0" total="1" passed="0">
  <reporter-output>
  </reporter-output>
  <suite name="ERP_OCTS_Automation" duration-ms="18936" started-at="2017-11-28T19:36:57Z" finished-at="2017-11-28T19:37:16Z">
    <groups>
    </groups>
    <test name="WebService_Automation" duration-ms="18936" started-at="2017-11-28T19:36:57Z" finished-at="2017-11-28T19:37:16Z">
      <class name="OCTS_Automation_Main_Modules.ERP_Financial_Webservice_MainClass">
        <test-method status="PASS" signature="setUp()[pri:0, instance:OCTS_Automation_Main_Modules.ERP_Financial_Webservice_MainClass@e920112]" name="setUp" is-config="true" duration-ms="206" started-at="2017-11-28T11:36:57Z" finished-at="2017-11-28T11:36:57Z">
          <reporter-output>
          </reporter-output>
        </test-method> <!-- setUp -->
        <test-method status="FAIL" signature="OracleCloud_Financial_Webservices(java.lang.String, java.lang.String)[pri:0, instance:OCTS_Automation_Main_Modules.ERP_Financial_Webservice_MainClass@e920112]" name="OracleCloud_Financial_Webservices" duration-ms="18850" started-at="2017-11-28T11:36:57Z" finished-at="2017-11-28T11:37:16Z">
          <params>
            <param index="0">
              <value>
                <![CDATA[C:\Users\rrama3\eclipse-workspace\ERP_Automation\ERP_InputDatasheet.xlsx]]>
              </value>
            </param>
            <param index="1">
              <value>
                <![CDATA[C:\Users\rrama3\eclipse-workspace\ERP_Automation\GlInterface.zip]]>
              </value>
            </param>
          </params>
          <exception class="java.lang.Exception">
            <message>
              <![CDATA[UploadFileToUcm: Error occurred while sending SOAP Request to Server]]>
            </message>
            <full-stacktrace>
              <![CDATA[java.lang.Exception: UploadFileToUcm: Error occurred while sending SOAP Request to Server
	at OCTS_Automation_Main_Modules.ERP_Financial_Webservice_MainClass.OracleCloud_Financial_Webservices(ERP_Financial_Webservice_MainClass.java:301)
	at sun.reflect.NativeMethodAccessorImpl.invoke0(Native Method)
	at sun.reflect.NativeMethodAccessorImpl.invoke(Unknown Source)
	at sun.reflect.DelegatingMethodAccessorImpl.invoke(Unknown Source)
	at java.lang.reflect.Method.invoke(Unknown Source)
	at org.testng.internal.MethodInvocationHelper.invokeMethod(MethodInvocationHelper.java:108)
	at org.testng.internal.Invoker.invokeMethod(Invoker.java:669)
	at org.testng.internal.Invoker.invokeTestMethod(Invoker.java:877)
	at org.testng.internal.Invoker.invokeTestMethods(Invoker.java:1201)
	at org.testng.internal.TestMethodWorker.invokeTestMethods(TestMethodWorker.java:125)
	at org.testng.internal.TestMethodWorker.run(TestMethodWorker.java:109)
	at org.testng.TestRunner.privateRun(TestRunner.java:776)
	at org.testng.TestRunner.run(TestRunner.java:634)
	at org.testng.SuiteRunner.runTest(SuiteRunner.java:425)
	at org.testng.SuiteRunner.runSequentially(SuiteRunner.java:420)
	at org.testng.SuiteRunner.privateRun(SuiteRunner.java:385)
	at org.testng.SuiteRunner.run(SuiteRunner.java:334)
	at org.testng.SuiteRunnerWorker.runSuite(SuiteRunnerWorker.java:52)
	at org.testng.SuiteRunnerWorker.run(SuiteRunnerWorker.java:86)
	at org.testng.TestNG.runSuitesSequentially(TestNG.java:1318)
	at org.testng.TestNG.runSuitesLocally(TestNG.java:1243)
	at org.testng.TestNG.runSuites(TestNG.java:1161)
	at org.testng.TestNG.run(TestNG.java:1129)
	at OCTS_Automation_Main_Modules.TestNG_Invoke_WS.wstriggertestng(TestNG_Invoke_WS.java:92)
	at OCTS_GUI.FXMLController$1.call(FXMLController.java:214)
	at javafx.concurrent.Task$TaskCallable.call(Task.java:1423)
	at java.util.concurrent.FutureTask.run(Unknown Source)
	at java.lang.Thread.run(Unknown Source)
]]>
            </full-stacktrace>
          </exception> <!-- java.lang.Exception -->
          <reporter-output>
          </reporter-output>
        </test-method> <!-- OracleCloud_Financial_Webservices -->
        <test-method status="PASS" signature="getResult(org.testng.ITestResult)[pri:0, instance:OCTS_Automation_Main_Modules.ERP_Financial_Webservice_MainClass@e920112]" name="getResult" is-config="true" duration-ms="14" started-at="2017-11-28T11:37:16Z" finished-at="2017-11-28T11:37:16Z">
          <params>
            <param index="0">
              <value>
                <![CDATA[[TestResult name=OracleCloud_Financial_Webservices status=FAILURE method=ERP_Financial_Webservice_MainClass.OracleCloud_Financial_Webservices(java.lang.String, java.lang.String)[pri:0, instance:OCTS_Automation_Main_Modules.ERP_Financial_Webservice_MainClass@e920112] output={null}]]]>
              </value>
            </param>
          </params>
          <reporter-output>
          </reporter-output>
        </test-method> <!-- getResult -->
        <test-method status="PASS" signature="tearDown()[pri:0, instance:OCTS_Automation_Main_Modules.ERP_Financial_Webservice_MainClass@e920112]" name="tearDown" is-config="true" duration-ms="556" started-at="2017-11-28T11:37:16Z" finished-at="2017-11-28T11:37:17Z">
          <reporter-output>
          </reporter-output>
        </test-method> <!-- tearDown -->
      </class> <!-- OCTS_Automation_Main_Modules.ERP_Financial_Webservice_MainClass -->
    </test> <!-- WebService_Automation -->
  </suite> <!-- ERP_OCTS_Automation -->
</testng-results>
